2024-08-08 16:33:18,097 - ocr_server - INFO - OCR_USE_GPU parameter is set to True
[2024-08-08 16:33:18,097] [    INFO] ocr_server.py:24 - OCR_USE_GPU parameter is set to True
[2024-08-08 16:33:19 +0800] [204] [INFO] Sanic v23.6.0
[2024-08-08 16:33:19,926] [    INFO] motd.py:54 - Sanic v23.6.0
[2024-08-08 16:33:19 +0800] [204] [INFO] Goin' Fast @ http://0.0.0.0:8010
[2024-08-08 16:33:19,926] [    INFO] motd.py:54 - Goin' Fast @ http://0.0.0.0:8010
[2024-08-08 16:33:19 +0800] [204] [INFO] mode: production, w/ 4 workers
[2024-08-08 16:33:19,926] [    INFO] motd.py:54 - mode: production, w/ 4 workers
[2024-08-08 16:33:19 +0800] [204] [INFO] server: sanic, HTTP/1.1
[2024-08-08 16:33:19,926] [    INFO] motd.py:54 - server: sanic, HTTP/1.1
[2024-08-08 16:33:19 +0800] [204] [INFO] python: 3.10.12
[2024-08-08 16:33:19,926] [    INFO] motd.py:54 - python: 3.10.12
[2024-08-08 16:33:19 +0800] [204] [INFO] platform: Linux-5.15.0-92-generic-x86_64-with-glibc2.35
[2024-08-08 16:33:19,926] [    INFO] motd.py:54 - platform: Linux-5.15.0-92-generic-x86_64-with-glibc2.35
[2024-08-08 16:33:19 +0800] [204] [INFO] packages: sanic-routing==23.12.0, sanic-ext==23.6.0
[2024-08-08 16:33:19,926] [    INFO] motd.py:54 - packages: sanic-routing==23.12.0, sanic-ext==23.6.0
2024-08-08 16:33:21,048 - ocr_server - INFO - OCR_USE_GPU parameter is set to True
[2024-08-08 16:33:21,048] [    INFO] ocr_server.py:24 - OCR_USE_GPU parameter is set to True
2024-08-08 16:33:24,046 - ocr_server - INFO - OCR_USE_GPU parameter is set to True
[2024-08-08 16:33:24,046] [    INFO] ocr_server.py:24 - OCR_USE_GPU parameter is set to True
2024-08-08 16:33:24,088 - ocr_server - INFO - OCR_USE_GPU parameter is set to True
[2024-08-08 16:33:24,088] [    INFO] ocr_server.py:24 - OCR_USE_GPU parameter is set to True
2024-08-08 16:33:24,097 - ocr_server - INFO - OCR_USE_GPU parameter is set to True
[2024-08-08 16:33:24,097] [    INFO] ocr_server.py:24 - OCR_USE_GPU parameter is set to True
2024-08-08 16:33:24,099 - ocr_server - INFO - OCR_USE_GPU parameter is set to True
[2024-08-08 16:33:24,099] [    INFO] ocr_server.py:24 - OCR_USE_GPU parameter is set to True
[2024-08-08 16:33:27 +0800] [1115] [INFO] Sanic Extensions:
[2024-08-08 16:33:27,103] [    INFO] bootstrap.py:122 - Sanic Extensions:
[2024-08-08 16:33:27 +0800] [1115] [INFO]   > injection [0 dependencies; 0 constants]
[2024-08-08 16:33:27,103] [    INFO] bootstrap.py:122 -   > injection [0 dependencies; 0 constants]
[2024-08-08 16:33:27 +0800] [1115] [INFO]   > openapi [http://0.0.0.0:8010/docs]
[2024-08-08 16:33:27,103] [    INFO] bootstrap.py:122 -   > openapi [http://0.0.0.0:8010/docs]
[2024-08-08 16:33:27 +0800] [1115] [INFO]   > http 
[2024-08-08 16:33:27,103] [    INFO] bootstrap.py:122 -   > http 
[2024-08-08 16:33:27 +0800] [1115] [INFO]   > templating [jinja2==3.1.3]
[2024-08-08 16:33:27,103] [    INFO] bootstrap.py:122 -   > templating [jinja2==3.1.3]
[2024-08-08 16:33:27 +0800] [1115] [INFO] Starting worker [1115]
[2024-08-08 16:33:27,183] [    INFO] runners.py:144 - Starting worker [1115]
[2024-08-08 16:33:27 +0800] [1114] [INFO] Sanic Extensions:
[2024-08-08 16:33:27,849] [    INFO] bootstrap.py:122 - Sanic Extensions:
[2024-08-08 16:33:27 +0800] [1114] [INFO]   > injection [0 dependencies; 0 constants]
[2024-08-08 16:33:27,849] [    INFO] bootstrap.py:122 -   > injection [0 dependencies; 0 constants]
[2024-08-08 16:33:27 +0800] [1114] [INFO]   > openapi [http://0.0.0.0:8010/docs]
[2024-08-08 16:33:27,849] [    INFO] bootstrap.py:122 -   > openapi [http://0.0.0.0:8010/docs]
[2024-08-08 16:33:27 +0800] [1114] [INFO]   > http 
[2024-08-08 16:33:27,849] [    INFO] bootstrap.py:122 -   > http 
[2024-08-08 16:33:27 +0800] [1114] [INFO]   > templating [jinja2==3.1.3]
[2024-08-08 16:33:27,849] [    INFO] bootstrap.py:122 -   > templating [jinja2==3.1.3]
[2024-08-08 16:33:27 +0800] [1116] [INFO] Sanic Extensions:
[2024-08-08 16:33:27,849] [    INFO] bootstrap.py:122 - Sanic Extensions:
[2024-08-08 16:33:27 +0800] [1116] [INFO]   > injection [0 dependencies; 0 constants]
[2024-08-08 16:33:27,849] [    INFO] bootstrap.py:122 -   > injection [0 dependencies; 0 constants]
[2024-08-08 16:33:27 +0800] [1116] [INFO]   > openapi [http://0.0.0.0:8010/docs]
[2024-08-08 16:33:27,849] [    INFO] bootstrap.py:122 -   > openapi [http://0.0.0.0:8010/docs]
[2024-08-08 16:33:27 +0800] [1116] [INFO]   > http 
[2024-08-08 16:33:27,849] [    INFO] bootstrap.py:122 -   > http 
[2024-08-08 16:33:27 +0800] [1116] [INFO]   > templating [jinja2==3.1.3]
[2024-08-08 16:33:27,850] [    INFO] bootstrap.py:122 -   > templating [jinja2==3.1.3]
[2024-08-08 16:33:27 +0800] [1117] [INFO] Sanic Extensions:
[2024-08-08 16:33:27,850] [    INFO] bootstrap.py:122 - Sanic Extensions:
[2024-08-08 16:33:27 +0800] [1117] [INFO]   > injection [0 dependencies; 0 constants]
[2024-08-08 16:33:27,851] [    INFO] bootstrap.py:122 -   > injection [0 dependencies; 0 constants]
[2024-08-08 16:33:27 +0800] [1117] [INFO]   > openapi [http://0.0.0.0:8010/docs]
[2024-08-08 16:33:27,851] [    INFO] bootstrap.py:122 -   > openapi [http://0.0.0.0:8010/docs]
[2024-08-08 16:33:27 +0800] [1117] [INFO]   > http 
[2024-08-08 16:33:27,851] [    INFO] bootstrap.py:122 -   > http 
[2024-08-08 16:33:27 +0800] [1117] [INFO]   > templating [jinja2==3.1.3]
[2024-08-08 16:33:27,851] [    INFO] bootstrap.py:122 -   > templating [jinja2==3.1.3]
[2024-08-08 16:33:27 +0800] [1116] [INFO] Starting worker [1116]
[2024-08-08 16:33:27,939] [    INFO] runners.py:144 - Starting worker [1116]
[2024-08-08 16:33:27 +0800] [1114] [INFO] Starting worker [1114]
[2024-08-08 16:33:27,941] [    INFO] runners.py:144 - Starting worker [1114]
[2024-08-08 16:33:27 +0800] [1117] [INFO] Starting worker [1117]
[2024-08-08 16:33:27,951] [    INFO] runners.py:144 - Starting worker [1117]
